#
# There is insufficient memory for the Java Runtime Environment to continue.
# Native memory allocation (malloc) failed to allocate 32744 bytes for Chunk::new
# Possible reasons:
#   The system is out of physical RAM or swap space
#   The process is running with CompressedOops enabled, and the Java Heap may be blocking the growth of the native heap
# Possible solutions:
#   Reduce memory load on the system
#   Increase physical memory or swap space
#   Check if swap backing store is full
#   Decrease Java heap size (-Xmx/-Xms)
#   Decrease number of Java threads
#   Decrease Java thread stack sizes (-Xss)
#   Set larger code cache with -XX:ReservedCodeCacheSize=
#   JVM is running with Unscaled Compressed Oops mode in which the Java heap is
#     placed in the first 4GB address space. The Java Heap base address is the
#     maximum limit for the native heap growth. Please use -XX:HeapBaseMinAddress
#     to set the Java Heap base and to place the Java Heap above 4GB virtual address.
# This output file may be truncated or incomplete.
#
#  Out of Memory Error (arena.cpp:184), pid=11472, tid=9136
#
# JRE version: OpenJDK Runtime Environment (19.0.2+7) (build 19.0.2+7-44)
# Java VM: OpenJDK 64-Bit Server VM (19.0.2+7-44, mixed mode, sharing, tiered, compressed oops, compressed class ptrs, g1 gc, windows-amd64)
# No core dump will be written. Minidumps are not enabled by default on client versions of Windows
#

---------------  S U M M A R Y ------------

Command Line: -javaagent:C:\Program Files\JetBrains\IntelliJ IDEA Community Edition 2023.1.3\lib\idea_rt.jar=56640:C:\Program Files\JetBrains\IntelliJ IDEA Community Edition 2023.1.3\bin -Dfile.encoding=UTF-8 -Dsun.stdout.encoding=UTF-8 -Dsun.stderr.encoding=UTF-8 com.product.product.service.ProductServiceApplication

Host: Intel(R) Core(TM) i5-8300H CPU @ 2.30GHz, 8 cores, 7G,  Windows 11 , 64 bit Build 22621 (10.0.22621.2070)
Time: Tue Sep 12 21:19:04 2023 GMT Daylight Time elapsed time: 4714.881036 seconds (0d 1h 18m 34s)

---------------  T H R E A D  ---------------

Current thread (0x000001e706123f60):  JavaThread "C2 CompilerThread0" daemon [_thread_in_native, id=9136, stack(0x0000002813200000,0x0000002813300000)]


Current CompileTask:
C2:4714881 10554   !   4       org.hibernate.collection.spi.AbstractPersistentCollection::withTemporarySessionIfNeeded (473 bytes)

Stack: [0x0000002813200000,0x0000002813300000]
Native frames: (J=compiled Java code, j=interpreted, Vv=VM code, C=native code)
V  [jvm.dll+0x6ee21a]
V  [jvm.dll+0x85765e]
V  [jvm.dll+0x85904e]
V  [jvm.dll+0x859703]
V  [jvm.dll+0x28298f]
V  [jvm.dll+0xc9adf]
V  [jvm.dll+0xc9e65]
V  [jvm.dll+0x719bc0]
V  [jvm.dll+0x1ee367]
V  [jvm.dll+0x24c52b]
V  [jvm.dll+0x24b781]
V  [jvm.dll+0x1d6ce1]
V  [jvm.dll+0x25b25a]
V  [jvm.dll+0x2596e8]
V  [jvm.dll+0x807588]
V  [jvm.dll+0x80125a]
V  [jvm.dll+0x6ecf0b]
C  [ucrtbase.dll+0x29363]
C  [KERNEL32.DLL+0x126ad]
C  [ntdll.dll+0x5aa68]


---------------  P R O C E S S  ---------------

Threads class SMR info:
_java_thread_list=0x000001e70870df80, length=30, elements={
0x000001e77fa6bfd0, 0x000001e77fa6cb00, 0x000001e77fa73100, 0x000001e706120090,
0x000001e7061209c0, 0x000001e7061212f0, 0x000001e706123f60, 0x000001e7061298f0,
0x000001e77fa7d850, 0x000001e70622c220, 0x000001e70641cea0, 0x000001e7064fce40,
0x000001e707c0f410, 0x000001e708268f20, 0x000001e708de3930, 0x000001e708268030,
0x000001e7085829e0, 0x000001e709a5d070, 0x000001e709a5d5c0, 0x000001e709a5db10,
0x000001e709a5e060, 0x000001e709a5c5d0, 0x000001e709a5cb20, 0x000001e709a5f5a0,
0x000001e709a5c080, 0x000001e709a5eb00, 0x000001e709a5f050, 0x000001e70cd38370,
0x000001e70cd3b340, 0x000001e70cd38e10
}

Java Threads: ( => current thread )
  0x000001e77fa6bfd0 JavaThread "Reference Handler" daemon [_thread_blocked, id=23704, stack(0x0000002812c00000,0x0000002812d00000)]
  0x000001e77fa6cb00 JavaThread "Finalizer" daemon [_thread_blocked, id=30148, stack(0x0000002812d00000,0x0000002812e00000)]
  0x000001e77fa73100 JavaThread "Signal Dispatcher" daemon [_thread_blocked, id=11116, stack(0x0000002812e00000,0x0000002812f00000)]
  0x000001e706120090 JavaThread "Attach Listener" daemon [_thread_blocked, id=26452, stack(0x0000002812f00000,0x0000002813000000)]
  0x000001e7061209c0 JavaThread "Service Thread" daemon [_thread_blocked, id=13920, stack(0x0000002813000000,0x0000002813100000)]
  0x000001e7061212f0 JavaThread "Monitor Deflation Thread" daemon [_thread_blocked, id=6696, stack(0x0000002813100000,0x0000002813200000)]
=>0x000001e706123f60 JavaThread "C2 CompilerThread0" daemon [_thread_in_native, id=9136, stack(0x0000002813200000,0x0000002813300000)]
  0x000001e7061298f0 JavaThread "C1 CompilerThread0" daemon [_thread_blocked, id=12172, stack(0x0000002813300000,0x0000002813400000)]
  0x000001e77fa7d850 JavaThread "Sweeper thread" daemon [_thread_blocked, id=24156, stack(0x0000002813400000,0x0000002813500000)]
  0x000001e70622c220 JavaThread "Common-Cleaner" daemon [_thread_blocked, id=24348, stack(0x0000002813500000,0x0000002813600000)]
  0x000001e70641cea0 JavaThread "Monitor Ctrl-Break" daemon [_thread_in_native, id=28292, stack(0x0000002813700000,0x0000002813800000)]
  0x000001e7064fce40 JavaThread "Notification Thread" daemon [_thread_blocked, id=15616, stack(0x0000002813800000,0x0000002813900000)]
  0x000001e707c0f410 JavaThread "Catalina-utility-1" [_thread_blocked, id=3456, stack(0x0000002814300000,0x0000002814400000)]
  0x000001e708268f20 JavaThread "Catalina-utility-2" [_thread_blocked, id=29580, stack(0x0000002814400000,0x0000002814500000)]
  0x000001e708de3930 JavaThread "container-0" [_thread_blocked, id=15992, stack(0x0000002814500000,0x0000002814600000)]
  0x000001e708268030 JavaThread "mysql-cj-abandoned-connection-cleanup" daemon [_thread_blocked, id=1828, stack(0x0000002814600000,0x0000002814700000)]
  0x000001e7085829e0 JavaThread "HikariPool-1 housekeeper" daemon [_thread_blocked, id=29360, stack(0x0000002814800000,0x0000002814900000)]
  0x000001e709a5d070 JavaThread "http-nio-8080-exec-1" daemon [_thread_blocked, id=9860, stack(0x0000002814a00000,0x0000002814b00000)]
  0x000001e709a5d5c0 JavaThread "http-nio-8080-exec-2" daemon [_thread_blocked, id=23624, stack(0x0000002814b00000,0x0000002814c00000)]
  0x000001e709a5db10 JavaThread "http-nio-8080-exec-3" daemon [_thread_blocked, id=2152, stack(0x0000002814c00000,0x0000002814d00000)]
  0x000001e709a5e060 JavaThread "http-nio-8080-exec-4" daemon [_thread_blocked, id=13852, stack(0x0000002814d00000,0x0000002814e00000)]
  0x000001e709a5c5d0 JavaThread "http-nio-8080-exec-5" daemon [_thread_blocked, id=9032, stack(0x0000002814e00000,0x0000002814f00000)]
  0x000001e709a5cb20 JavaThread "http-nio-8080-exec-6" daemon [_thread_blocked, id=4108, stack(0x0000002814f00000,0x0000002815000000)]
  0x000001e709a5f5a0 JavaThread "http-nio-8080-exec-7" daemon [_thread_blocked, id=5392, stack(0x0000002815000000,0x0000002815100000)]
  0x000001e709a5c080 JavaThread "http-nio-8080-exec-8" daemon [_thread_blocked, id=22028, stack(0x0000002815100000,0x0000002815200000)]
  0x000001e709a5eb00 JavaThread "http-nio-8080-exec-9" daemon [_thread_blocked, id=30564, stack(0x0000002815200000,0x0000002815300000)]
  0x000001e709a5f050 JavaThread "http-nio-8080-exec-10" daemon [_thread_blocked, id=6984, stack(0x0000002815300000,0x0000002815400000)]
  0x000001e70cd38370 JavaThread "http-nio-8080-Poller" daemon [_thread_in_native, id=20112, stack(0x0000002815400000,0x0000002815500000)]
  0x000001e70cd3b340 JavaThread "http-nio-8080-Acceptor" daemon [_thread_in_native, id=16772, stack(0x0000002815500000,0x0000002815600000)]
  0x000001e70cd38e10 JavaThread "DestroyJavaVM" [_thread_blocked, id=13084, stack(0x0000002812500000,0x0000002812600000)]

Other Threads:
  0x000001e77fa5a980 VMThread "VM Thread" [stack: 0x0000002812b00000,0x0000002812c00000] [id=11844]
  0x000001e7065db850 WatcherThread "VM Periodic Task Thread" [stack: 0x0000002813900000,0x0000002813a00000] [id=13128]
  0x000001e7638ab6d0 WorkerThread "GC Thread#0" [stack: 0x0000002812600000,0x0000002812700000] [id=19584]
  0x000001e706f417c0 WorkerThread "GC Thread#1" [stack: 0x0000002813b00000,0x0000002813c00000] [id=17456]
  0x000001e706f41a90 WorkerThread "GC Thread#2" [stack: 0x0000002813c00000,0x0000002813d00000] [id=9984]
  0x000001e706d8ef50 WorkerThread "GC Thread#3" [stack: 0x0000002813d00000,0x0000002813e00000] [id=17560]
  0x000001e706f70ab0 WorkerThread "GC Thread#4" [stack: 0x0000002813e00000,0x0000002813f00000] [id=15208]
  0x000001e706f70510 WorkerThread "GC Thread#5" [stack: 0x0000002814000000,0x0000002814100000] [id=20316]
  0x000001e706f707e0 WorkerThread "GC Thread#6" [stack: 0x0000002814100000,0x0000002814200000] [id=13612]
  0x000001e706f6fca0 WorkerThread "GC Thread#7" [stack: 0x0000002814200000,0x0000002814300000] [id=13492]
  0x000001e7638bc7d0 ConcurrentGCThread "G1 Main Marker" [stack: 0x0000002812700000,0x0000002812800000] [id=19836]
  0x000001e7638bdd70 WorkerThread "G1 Conc#0" [stack: 0x0000002812800000,0x0000002812900000] [id=19388]
  0x000001e706f70240 WorkerThread "G1 Conc#1" [stack: 0x0000002813f00000,0x0000002814000000] [id=22488]
  0x000001e77f905da0 ConcurrentGCThread "G1 Refine#0" [stack: 0x0000002812900000,0x0000002812a00000] [id=6364]
  0x000001e77f907eb0 ConcurrentGCThread "G1 Service" [stack: 0x0000002812a00000,0x0000002812b00000] [id=24036]

Threads with active compile tasks:
C2 CompilerThread0  4714930 10554   !   4       org.hibernate.collection.spi.AbstractPersistentCollection::withTemporarySessionIfNeeded (473 bytes)

VM state: not at safepoint (normal execution)

VM Mutex/Monitor currently owned by a thread: None

Heap address: 0x0000000082600000, size: 2010 MB, Compressed Oops mode: 32-bit

CDS archive(s) mapped at: [0x0000000800000000-0x0000000800c40000-0x0000000800c40000), size 12845056, SharedBaseAddress: 0x0000000800000000, ArchiveRelocationMode: 0.
Compressed class space mapped at: 0x0000000801000000-0x0000000841000000, reserved size: 1073741824
Narrow klass base: 0x0000000800000000, Narrow klass shift: 0, Narrow klass range: 0x100000000

GC Precious Log:
 CardTable entry size: 512
 Card Set container configuration: InlinePtr #cards 5 size 8 Array Of Cards #cards 12 size 40 Howl #buckets 4 coarsen threshold 1843 Howl Bitmap #cards 512 size 80 coarsen threshold 460 Card regions per heap region 1 cards per card region 2048
 CPUs: 8 total, 8 available
 Memory: 8034M
 Large Page Support: Disabled
 NUMA Support: Disabled
 Compressed Oops: Enabled (32-bit)
 Heap Region Size: 1M
 Heap Min Capacity: 8M
 Heap Initial Capacity: 126M
 Heap Max Capacity: 2010M
 Pre-touch: Disabled
 Parallel Workers: 8
 Concurrent Workers: 2
 Concurrent Refinement Workers: 8
 Periodic GC: Disabled

Heap:
 garbage-first heap   total 102400K, used 49508K [0x0000000082600000, 0x0000000100000000)
  region size 1024K, 13 young (13312K), 3 survivors (3072K)
 Metaspace       used 78479K, committed 79168K, reserved 1179648K
  class space    used 10206K, committed 10496K, reserved 1048576K

Heap Regions: E=young(eden), S=young(survivor), O=old, HS=humongous(starts), HC=humongous(continues), CS=collection set, F=free, OA=open archive, CA=closed archive, TAMS=top-at-mark-start (previous, next)
|   0|0x0000000082600000, 0x0000000082700000, 0x0000000082700000|100%|HS|  |TAMS 0x0000000082700000, 0x0000000082600000| Complete 
|   1|0x0000000082700000, 0x0000000082800000, 0x0000000082800000|100%| O|  |TAMS 0x0000000082800000, 0x0000000082700000| Untracked 
|   2|0x0000000082800000, 0x0000000082900000, 0x0000000082900000|100%| O|  |TAMS 0x0000000082900000, 0x0000000082800000| Untracked 
|   3|0x0000000082900000, 0x0000000082a00000, 0x0000000082a00000|100%| O|  |TAMS 0x0000000082a00000, 0x0000000082900000| Untracked 
|   4|0x0000000082a00000, 0x0000000082b00000, 0x0000000082b00000|100%| O|  |TAMS 0x0000000082a00000, 0x0000000082a00000| Untracked 
|   5|0x0000000082b00000, 0x0000000082c00000, 0x0000000082c00000|100%| O|  |TAMS 0x0000000082c00000, 0x0000000082b00000| Untracked 
|   6|0x0000000082c00000, 0x0000000082d00000, 0x0000000082d00000|100%| O|  |TAMS 0x0000000082d00000, 0x0000000082c00000| Untracked 
|   7|0x0000000082d00000, 0x0000000082e00000, 0x0000000082e00000|100%| O|  |TAMS 0x0000000082e00000, 0x0000000082d00000| Untracked 
|   8|0x0000000082e00000, 0x0000000082f00000, 0x0000000082f00000|100%| O|  |TAMS 0x0000000082f00000, 0x0000000082e00000| Untracked 
|   9|0x0000000082f00000, 0x0000000083000000, 0x0000000083000000|100%| O|  |TAMS 0x0000000083000000, 0x0000000082f00000| Untracked 
|  10|0x0000000083000000, 0x0000000083100000, 0x0000000083100000|100%| O|  |TAMS 0x0000000083100000, 0x0000000083000000| Untracked 
|  11|0x0000000083100000, 0x0000000083200000, 0x0000000083200000|100%| O|  |TAMS 0x0000000083200000, 0x0000000083100000| Untracked 
|  12|0x0000000083200000, 0x0000000083300000, 0x0000000083300000|100%| O|  |TAMS 0x0000000083300000, 0x0000000083200000| Untracked 
|  13|0x0000000083300000, 0x0000000083400000, 0x0000000083400000|100%| O|  |TAMS 0x0000000083400000, 0x0000000083300000| Untracked 
|  14|0x0000000083400000, 0x0000000083500000, 0x0000000083500000|100%| O|  |TAMS 0x0000000083500000, 0x0000000083400000| Untracked 
|  15|0x0000000083500000, 0x0000000083600000, 0x0000000083600000|100%| O|  |TAMS 0x0000000083600000, 0x0000000083500000| Untracked 
|  16|0x0000000083600000, 0x0000000083700000, 0x0000000083700000|100%| O|  |TAMS 0x0000000083700000, 0x0000000083600000| Untracked 
|  17|0x0000000083700000, 0x0000000083800000, 0x0000000083800000|100%| O|  |TAMS 0x0000000083800000, 0x0000000083700000| Untracked 
|  18|0x0000000083800000, 0x0000000083900000, 0x0000000083900000|100%| O|  |TAMS 0x0000000083900000, 0x0000000083800000| Untracked 
|  19|0x0000000083900000, 0x0000000083a00000, 0x0000000083a00000|100%| O|  |TAMS 0x0000000083a00000, 0x0000000083900000| Untracked 
|  20|0x0000000083a00000, 0x0000000083b00000, 0x0000000083b00000|100%| O|  |TAMS 0x0000000083b00000, 0x0000000083a00000| Untracked 
|  21|0x0000000083b00000, 0x0000000083c00000, 0x0000000083c00000|100%| O|  |TAMS 0x0000000083c00000, 0x0000000083b00000| Untracked 
|  22|0x0000000083c00000, 0x0000000083d00000, 0x0000000083d00000|100%| O|  |TAMS 0x0000000083d00000, 0x0000000083c00000| Untracked 
|  23|0x0000000083d00000, 0x0000000083e00000, 0x0000000083e00000|100%| O|  |TAMS 0x0000000083e00000, 0x0000000083d00000| Untracked 
|  24|0x0000000083e00000, 0x0000000083f00000, 0x0000000083f00000|100%| O|  |TAMS 0x0000000083e00000, 0x0000000083e00000| Untracked 
|  25|0x0000000083f00000, 0x0000000084000000, 0x0000000084000000|100%| O|  |TAMS 0x0000000083f00000, 0x0000000083f00000| Untracked 
|  26|0x0000000084000000, 0x0000000084100000, 0x0000000084100000|100%| O|  |TAMS 0x0000000084000000, 0x0000000084000000| Untracked 
|  27|0x0000000084100000, 0x0000000084200000, 0x0000000084200000|100%| O|  |TAMS 0x0000000084100000, 0x0000000084100000| Untracked 
|  28|0x0000000084200000, 0x0000000084300000, 0x0000000084300000|100%| O|  |TAMS 0x0000000084200000, 0x0000000084200000| Untracked 
|  29|0x0000000084300000, 0x0000000084400000, 0x0000000084400000|100%| O|  |TAMS 0x0000000084300000, 0x0000000084300000| Untracked 
|  30|0x0000000084400000, 0x0000000084500000, 0x0000000084500000|100%| O|  |TAMS 0x0000000084400000, 0x0000000084400000| Untracked 
|  31|0x0000000084500000, 0x0000000084600000, 0x0000000084600000|100%| O|  |TAMS 0x0000000084500000, 0x0000000084500000| Untracked 
|  32|0x0000000084600000, 0x0000000084700000, 0x0000000084700000|100%| O|  |TAMS 0x0000000084600000, 0x0000000084600000| Untracked 
|  33|0x0000000084700000, 0x0000000084800000, 0x0000000084800000|100%| O|  |TAMS 0x0000000084700000, 0x0000000084700000| Untracked 
|  34|0x0000000084800000, 0x0000000084900000, 0x0000000084900000|100%| O|  |TAMS 0x0000000084800000, 0x0000000084800000| Untracked 
|  35|0x0000000084900000, 0x0000000084a00000, 0x0000000084a00000|100%| O|  |TAMS 0x0000000084900000, 0x0000000084900000| Untracked 
|  36|0x0000000084a00000, 0x0000000084a8ca00, 0x0000000084b00000| 54%| O|  |TAMS 0x0000000084a00000, 0x0000000084a00000| Untracked 
|  37|0x0000000084b00000, 0x0000000084b00000, 0x0000000084c00000|  0%| F|  |TAMS 0x0000000084b00000, 0x0000000084b00000| Untracked 
|  38|0x0000000084c00000, 0x0000000084c00000, 0x0000000084d00000|  0%| F|  |TAMS 0x0000000084c00000, 0x0000000084c00000| Untracked 
|  39|0x0000000084d00000, 0x0000000084d00000, 0x0000000084e00000|  0%| F|  |TAMS 0x0000000084d00000, 0x0000000084d00000| Untracked 
|  40|0x0000000084e00000, 0x0000000084e00000, 0x0000000084f00000|  0%| F|  |TAMS 0x0000000084e00000, 0x0000000084e00000| Untracked 
|  41|0x0000000084f00000, 0x0000000084f00000, 0x0000000085000000|  0%| F|  |TAMS 0x0000000084f00000, 0x0000000084f00000| Untracked 
|  42|0x0000000085000000, 0x0000000085000000, 0x0000000085100000|  0%| F|  |TAMS 0x0000000085000000, 0x0000000085000000| Untracked 
|  43|0x0000000085100000, 0x0000000085100000, 0x0000000085200000|  0%| F|  |TAMS 0x0000000085100000, 0x0000000085100000| Untracked 
|  44|0x0000000085200000, 0x0000000085200000, 0x0000000085300000|  0%| F|  |TAMS 0x0000000085200000, 0x0000000085200000| Untracked 
|  45|0x0000000085300000, 0x0000000085300000, 0x0000000085400000|  0%| F|  |TAMS 0x0000000085300000, 0x0000000085300000| Untracked 
|  46|0x0000000085400000, 0x0000000085400000, 0x0000000085500000|  0%| F|  |TAMS 0x0000000085400000, 0x0000000085400000| Untracked 
|  47|0x0000000085500000, 0x0000000085500000, 0x0000000085600000|  0%| F|  |TAMS 0x0000000085500000, 0x0000000085500000| Untracked 
|  48|0x0000000085600000, 0x0000000085600000, 0x0000000085700000|  0%| F|  |TAMS 0x0000000085600000, 0x0000000085600000| Untracked 
|  49|0x0000000085700000, 0x0000000085700000, 0x0000000085800000|  0%| F|  |TAMS 0x0000000085700000, 0x0000000085700000| Untracked 
|  50|0x0000000085800000, 0x0000000085800000, 0x0000000085900000|  0%| F|  |TAMS 0x0000000085800000, 0x0000000085800000| Untracked 
|  51|0x0000000085900000, 0x0000000085900000, 0x0000000085a00000|  0%| F|  |TAMS 0x0000000085900000, 0x0000000085900000| Untracked 
|  52|0x0000000085a00000, 0x0000000085a00000, 0x0000000085b00000|  0%| F|  |TAMS 0x0000000085a00000, 0x0000000085a00000| Untracked 
|  53|0x0000000085b00000, 0x0000000085b00000, 0x0000000085c00000|  0%| F|  |TAMS 0x0000000085b00000, 0x0000000085b00000| Untracked 
|  54|0x0000000085c00000, 0x0000000085c00000, 0x0000000085d00000|  0%| F|  |TAMS 0x0000000085c00000, 0x0000000085c00000| Untracked 
|  55|0x0000000085d00000, 0x0000000085d00000, 0x0000000085e00000|  0%| F|  |TAMS 0x0000000085d00000, 0x0000000085d00000| Untracked 
|  56|0x0000000085e00000, 0x0000000085e00000, 0x0000000085f00000|  0%| F|  |TAMS 0x0000000085e00000, 0x0000000085e00000| Untracked 
|  57|0x0000000085f00000, 0x0000000085f00000, 0x0000000086000000|  0%| F|  |TAMS 0x0000000085f00000, 0x0000000085f00000| Untracked 
|  58|0x0000000086000000, 0x0000000086000000, 0x0000000086100000|  0%| F|  |TAMS 0x0000000086000000, 0x0000000086000000| Untracked 
|  59|0x0000000086100000, 0x0000000086100000, 0x0000000086200000|  0%| F|  |TAMS 0x0000000086100000, 0x0000000086100000| Untracked 
|  60|0x0000000086200000, 0x00000000862cc740, 0x0000000086300000| 79%| S|CS|TAMS 0x0000000086200000, 0x0000000086200000| Complete 
|  61|0x0000000086300000, 0x0000000086400000, 0x0000000086400000|100%| S|CS|TAMS 0x0000000086300000, 0x0000000086300000| Complete 
|  62|0x0000000086400000, 0x0000000086500000, 0x0000000086500000|100%| S|CS|TAMS 0x0000000086400000, 0x0000000086400000| Complete 
|  63|0x0000000086500000, 0x0000000086500000, 0x0000000086600000|  0%| F|  |TAMS 0x0000000086500000, 0x0000000086500000| Untracked 
|  64|0x0000000086600000, 0x0000000086600000, 0x0000000086700000|  0%| F|  |TAMS 0x0000000086600000, 0x0000000086600000| Untracked 
|  65|0x0000000086700000, 0x0000000086700000, 0x0000000086800000|  0%| F|  |TAMS 0x0000000086700000, 0x0000000086700000| Untracked 
|  66|0x0000000086800000, 0x0000000086800000, 0x0000000086900000|  0%| F|  |TAMS 0x0000000086800000, 0x0000000086800000| Untracked 
|  67|0x0000000086900000, 0x0000000086900000, 0x0000000086a00000|  0%| F|  |TAMS 0x0000000086900000, 0x0000000086900000| Untracked 
|  68|0x0000000086a00000, 0x0000000086a00000, 0x0000000086b00000|  0%| F|  |TAMS 0x0000000086a00000, 0x0000000086a00000| Untracked 
|  69|0x0000000086b00000, 0x0000000086b00000, 0x0000000086c00000|  0%| F|  |TAMS 0x0000000086b00000, 0x0000000086b00000| Untracked 
|  70|0x0000000086c00000, 0x0000000086c00000, 0x0000000086d00000|  0%| F|  |TAMS 0x0000000086c00000, 0x0000000086c00000| Untracked 
|  71|0x0000000086d00000, 0x0000000086d00000, 0x0000000086e00000|  0%| F|  |TAMS 0x0000000086d00000, 0x0000000086d00000| Untracked 
|  72|0x0000000086e00000, 0x0000000086e00000, 0x0000000086f00000|  0%| F|  |TAMS 0x0000000086e00000, 0x0000000086e00000| Untracked 
|  73|0x0000000086f00000, 0x0000000086f00000, 0x0000000087000000|  0%| F|  |TAMS 0x0000000086f00000, 0x0000000086f00000| Untracked 
|  74|0x0000000087000000, 0x0000000087000000, 0x0000000087100000|  0%| F|  |TAMS 0x0000000087000000, 0x0000000087000000| Untracked 
|  75|0x0000000087100000, 0x0000000087100000, 0x0000000087200000|  0%| F|  |TAMS 0x0000000087100000, 0x0000000087100000| Untracked 
|  76|0x0000000087200000, 0x0000000087200000, 0x0000000087300000|  0%| F|  |TAMS 0x0000000087200000, 0x0000000087200000| Untracked 
|  77|0x0000000087300000, 0x0000000087300000, 0x0000000087400000|  0%| F|  |TAMS 0x0000000087300000, 0x0000000087300000| Untracked 
|  78|0x0000000087400000, 0x0000000087400000, 0x0000000087500000|  0%| F|  |TAMS 0x0000000087400000, 0x0000000087400000| Untracked 
|  79|0x0000000087500000, 0x0000000087500000, 0x0000000087600000|  0%| F|  |TAMS 0x0000000087500000, 0x0000000087500000| Untracked 
|  80|0x0000000087600000, 0x0000000087600000, 0x0000000087700000|  0%| F|  |TAMS 0x0000000087600000, 0x0000000087600000| Untracked 
|  81|0x0000000087700000, 0x0000000087700000, 0x0000000087800000|  0%| F|  |TAMS 0x0000000087700000, 0x0000000087700000| Untracked 
|  82|0x0000000087800000, 0x0000000087800000, 0x0000000087900000|  0%| F|  |TAMS 0x0000000087800000, 0x0000000087800000| Untracked 
|  83|0x0000000087900000, 0x0000000087900000, 0x0000000087a00000|  0%| F|  |TAMS 0x0000000087900000, 0x0000000087900000| Untracked 
|  84|0x0000000087a00000, 0x0000000087a00000, 0x0000000087b00000|  0%| F|  |TAMS 0x0000000087a00000, 0x0000000087a00000| Untracked 
|  85|0x0000000087b00000, 0x0000000087b00000, 0x0000000087c00000|  0%| F|  |TAMS 0x0000000087b00000, 0x0000000087b00000| Untracked 
|  86|0x0000000087c00000, 0x0000000087c00000, 0x0000000087d00000|  0%| F|  |TAMS 0x0000000087c00000, 0x0000000087c00000| Untracked 
|  87|0x0000000087d00000, 0x0000000087d00000, 0x0000000087e00000|  0%| F|  |TAMS 0x0000000087d00000, 0x0000000087d00000| Untracked 
|  88|0x0000000087e00000, 0x0000000087e00000, 0x0000000087f00000|  0%| F|  |TAMS 0x0000000087e00000, 0x0000000087e00000| Untracked 
|  89|0x0000000087f00000, 0x0000000087f00000, 0x0000000088000000|  0%| F|  |TAMS 0x0000000087f00000, 0x0000000087f00000| Untracked 
|  90|0x0000000088000000, 0x0000000088065128, 0x0000000088100000| 39%| E|  |TAMS 0x0000000088000000, 0x0000000088000000| Complete 
|  91|0x0000000088100000, 0x0000000088200000, 0x0000000088200000|100%| E|CS|TAMS 0x0000000088100000, 0x0000000088100000| Complete 
|  92|0x0000000088200000, 0x0000000088300000, 0x0000000088300000|100%| E|CS|TAMS 0x0000000088200000, 0x0000000088200000| Complete 
|  93|0x0000000088300000, 0x0000000088400000, 0x0000000088400000|100%| E|CS|TAMS 0x0000000088300000, 0x0000000088300000| Complete 
| 107|0x0000000089100000, 0x0000000089200000, 0x0000000089200000|100%| E|CS|TAMS 0x0000000089100000, 0x0000000089100000| Complete 
| 108|0x0000000089200000, 0x0000000089300000, 0x0000000089300000|100%| E|CS|TAMS 0x0000000089200000, 0x0000000089200000| Complete 
| 109|0x0000000089300000, 0x0000000089400000, 0x0000000089400000|100%| E|CS|TAMS 0x0000000089300000, 0x0000000089300000| Complete 
| 110|0x0000000089400000, 0x0000000089500000, 0x0000000089500000|100%| E|CS|TAMS 0x0000000089400000, 0x0000000089400000| Complete 
| 111|0x0000000089500000, 0x0000000089600000, 0x0000000089600000|100%| E|CS|TAMS 0x0000000089500000, 0x0000000089500000| Complete 
| 127|0x000000008a500000, 0x000000008a600000, 0x000000008a600000|100%| E|CS|TAMS 0x000000008a500000, 0x000000008a500000| Complete 

Card table byte_map: [0x000001e77ae90000,0x000001e77b280000] _byte_map_base: 0x000001e77aa7d000

Marking Bits (Prev, Next): (CMBitMap*) 0x000001e7638abd40, (CMBitMap*) 0x000001e7638abd00
 Prev Bits: [0x000001e77d5e0000, 0x000001e77f548000)
 Next Bits: [0x000001e77b670000, 0x000001e77d5d8000)

Polling page: 0x000001e762fd0000

Metaspace:

Usage:
  Non-class:     66.67 MB used.
      Class:      9.97 MB used.
       Both:     76.64 MB used.

Virtual space:
  Non-class space:      128.00 MB reserved,      67.06 MB ( 52%) committed,  2 nodes.
      Class space:        1.00 GB reserved,      10.25 MB (  1%) committed,  1 nodes.
             Both:        1.12 GB reserved,      77.31 MB (  7%) committed. 

Chunk freelists:
   Non-Class:  48.00 KB
       Class:  1.70 MB
        Both:  1.75 MB

MaxMetaspaceSize: unlimited
CompressedClassSpaceSize: 1.00 GB
Initial GC threshold: 21.00 MB
Current GC threshold: 98.75 MB
CDS: on
MetaspaceReclaimPolicy: balanced
 - commit_granule_bytes: 65536.
 - commit_granule_words: 8192.
 - virtual_space_node_default_size: 8388608.
 - enlarge_chunks_in_place: 1.
 - new_chunks_are_fully_committed: 0.
 - uncommit_free_chunks: 1.
 - use_allocation_guard: 0.


Internal statistics:

num_allocs_failed_limit: 9.
num_arena_births: 1014.
num_arena_deaths: 0.
num_vsnodes_births: 3.
num_vsnodes_deaths: 0.
num_space_committed: 1237.
num_space_uncommitted: 0.
num_chunks_returned_to_freelist: 9.
num_chunks_taken_from_freelist: 3722.
num_chunk_merges: 9.
num_chunk_splits: 2759.
num_chunks_enlarged: 2233.
num_inconsistent_stats: 0.

CodeHeap 'non-profiled nmethods': size=120000Kb used=6639Kb max_used=6639Kb free=113360Kb
 bounds [0x000001e773230000, 0x000001e7738b0000, 0x000001e77a760000]
CodeHeap 'profiled nmethods': size=120000Kb used=16996Kb max_used=17009Kb free=103003Kb
 bounds [0x000001e76b760000, 0x000001e76c800000, 0x000001e772c90000]
CodeHeap 'non-nmethods': size=5760Kb used=1475Kb max_used=1601Kb free=4285Kb
 bounds [0x000001e772c90000, 0x000001e772f00000, 0x000001e773230000]
 total_blobs=9684 nmethods=8947 adapters=645
 compilation: enabled
              stopped_count=0, restarted_count=0
 full_count=0

Compilation events (20 events):
Event: 4714.179 Thread 0x000001e706123f60 nmethod 10546 0x000001e7738a3190 code [0x000001e7738a3380, 0x000001e7738a3948]
Event: 4714.179 Thread 0x000001e706123f60 10547       4       com.mysql.cj.NativeQueryBindValue::isStream (46 bytes)
Event: 4714.180 Thread 0x000001e706123f60 nmethod 10547 0x000001e7738a3d90 code [0x000001e7738a3f20, 0x000001e7738a40d8]
Event: 4714.192 Thread 0x000001e706123f60 10548       4       com.mysql.cj.jdbc.StatementImpl::createStreamingResultSet (45 bytes)
Event: 4714.194 Thread 0x000001e706123f60 nmethod 10548 0x000001e7738a4190 code [0x000001e7738a4320, 0x000001e7738a4438]
Event: 4714.232 Thread 0x000001e706123f60 10549   !   4       com.fasterxml.jackson.databind.ser.std.CollectionSerializer::serializeContents (207 bytes)
Event: 4714.268 Thread 0x000001e706123f60 nmethod 10549 0x000001e7738a4590 code [0x000001e7738a4860, 0x000001e7738a5d08]
Event: 4714.268 Thread 0x000001e706123f60 10550       4       java.nio.ByteBuffer::rewind (7 bytes)
Event: 4714.268 Thread 0x000001e706123f60 nmethod 10550 0x000001e7738a6d10 code [0x000001e7738a6e80, 0x000001e7738a6f18]
Event: 4714.269 Thread 0x000001e706123f60 10551       4       org.hibernate.query.spi.QueryOptionsAdapter::getDatabaseHints (4 bytes)
Event: 4714.270 Thread 0x000001e706123f60 nmethod 10551 0x000001e7738a7010 code [0x000001e7738a71a0, 0x000001e7738a7218]
Event: 4714.281 Thread 0x000001e706123f60 10552       4       com.sun.crypto.provider.GHASH::update (9 bytes)
Event: 4714.282 Thread 0x000001e706123f60 nmethod 10552 0x000001e7738a7310 code [0x000001e7738a74a0, 0x000001e7738a7658]
Event: 4714.290 Thread 0x000001e706123f60 10553       4       org.hibernate.sql.ast.spi.AbstractSqlAstTranslator$$Lambda$993/0x00000008017464b0::accept (12 bytes)
Event: 4714.319 Thread 0x000001e706123f60 nmethod 10553 0x000001e7738a7890 code [0x000001e7738a7ae0, 0x000001e7738a8690]
Event: 4714.319 Thread 0x000001e706123f60 10555   !   4       com.fasterxml.jackson.databind.ser.std.CollectionSerializer::serializeContents (207 bytes)
Event: 4714.347 Thread 0x000001e706123f60 nmethod 10555 0x000001e7738a9190 code [0x000001e7738a9460, 0x000001e7738aa968]
Event: 4714.347 Thread 0x000001e706123f60 10556 %     4       java.util.IdentityHashMap::clear @ 17 (39 bytes)
Event: 4714.349 Thread 0x000001e706123f60 nmethod 10556% 0x000001e7738ab910 code [0x000001e7738abaa0, 0x000001e7738abc58]
Event: 4714.349 Thread 0x000001e706123f60 10554   !   4       org.hibernate.collection.spi.AbstractPersistentCollection::withTemporarySessionIfNeeded (473 bytes)

GC Heap History (20 events):
Event: 4.000 GC heap before
{Heap before GC invocations=9 (full 0):
 garbage-first heap   total 131072K, used 28794K [0x0000000082600000, 0x0000000100000000)
  region size 1024K, 6 young (6144K), 2 survivors (2048K)
 Metaspace       used 42052K, committed 42624K, reserved 1114112K
  class space    used 5204K, committed 5504K, reserved 1048576K
}
Event: 4.002 GC heap after
{Heap after GC invocations=10 (full 0):
 garbage-first heap   total 131072K, used 24550K [0x0000000082600000, 0x0000000100000000)
  region size 1024K, 1 young (1024K), 1 survivors (1024K)
 Metaspace       used 42052K, committed 42624K, reserved 1114112K
  class space    used 5204K, committed 5504K, reserved 1048576K
}
Event: 5.332 GC heap before
{Heap before GC invocations=10 (full 0):
 garbage-first heap   total 131072K, used 95206K [0x0000000082600000, 0x0000000100000000)
  region size 1024K, 71 young (72704K), 1 survivors (1024K)
 Metaspace       used 57242K, committed 57792K, reserved 1114112K
  class space    used 7401K, committed 7680K, reserved 1048576K
}
Event: 5.335 GC heap after
{Heap after GC invocations=11 (full 0):
 garbage-first heap   total 131072K, used 27657K [0x0000000082600000, 0x0000000100000000)
  region size 1024K, 4 young (4096K), 4 survivors (4096K)
 Metaspace       used 57242K, committed 57792K, reserved 1114112K
  class space    used 7401K, committed 7680K, reserved 1048576K
}
Event: 5.562 GC heap before
{Heap before GC invocations=11 (full 0):
 garbage-first heap   total 131072K, used 43017K [0x0000000082600000, 0x0000000100000000)
  region size 1024K, 20 young (20480K), 4 survivors (4096K)
 Metaspace       used 59912K, committed 60416K, reserved 1114112K
  class space    used 7766K, committed 8000K, reserved 1048576K
}
Event: 5.566 GC heap after
{Heap after GC invocations=12 (full 0):
 garbage-first heap   total 131072K, used 28978K [0x0000000082600000, 0x0000000100000000)
  region size 1024K, 5 young (5120K), 5 survivors (5120K)
 Metaspace       used 59912K, committed 60416K, reserved 1114112K
  class space    used 7766K, committed 8000K, reserved 1048576K
}
Event: 6.203 GC heap before
{Heap before GC invocations=13 (full 0):
 garbage-first heap   total 102400K, used 84274K [0x0000000082600000, 0x0000000100000000)
  region size 1024K, 60 young (61440K), 5 survivors (5120K)
 Metaspace       used 66083K, committed 66688K, reserved 1114112K
  class space    used 8856K, committed 9152K, reserved 1048576K
}
Event: 6.208 GC heap after
{Heap after GC invocations=14 (full 0):
 garbage-first heap   total 102400K, used 32353K [0x0000000082600000, 0x0000000100000000)
  region size 1024K, 5 young (5120K), 5 survivors (5120K)
 Metaspace       used 66083K, committed 66688K, reserved 1114112K
  class space    used 8856K, committed 9152K, reserved 1048576K
}
Event: 6.224 GC heap before
{Heap before GC invocations=14 (full 0):
 garbage-first heap   total 102400K, used 33377K [0x0000000082600000, 0x0000000100000000)
  region size 1024K, 6 young (6144K), 5 survivors (5120K)
 Metaspace       used 66318K, committed 66944K, reserved 1114112K
  class space    used 8887K, committed 9216K, reserved 1048576K
}
Event: 6.227 GC heap after
{Heap after GC invocations=15 (full 0):
 garbage-first heap   total 102400K, used 32932K [0x0000000082600000, 0x0000000100000000)
  region size 1024K, 1 young (1024K), 1 survivors (1024K)
 Metaspace       used 66318K, committed 66944K, reserved 1114112K
  class space    used 8887K, committed 9216K, reserved 1048576K
}
Event: 24.596 GC heap before
{Heap before GC invocations=15 (full 0):
 garbage-first heap   total 102400K, used 77988K [0x0000000082600000, 0x0000000100000000)
  region size 1024K, 46 young (47104K), 1 survivors (1024K)
 Metaspace       used 74347K, committed 75008K, reserved 1114112K
  class space    used 9916K, committed 10240K, reserved 1048576K
}
Event: 24.603 GC heap after
{Heap after GC invocations=16 (full 0):
 garbage-first heap   total 102400K, used 36971K [0x0000000082600000, 0x0000000100000000)
  region size 1024K, 5 young (5120K), 5 survivors (5120K)
 Metaspace       used 74347K, committed 75008K, reserved 1114112K
  class space    used 9916K, committed 10240K, reserved 1048576K
}
Event: 383.398 GC heap before
{Heap before GC invocations=16 (full 0):
 garbage-first heap   total 102400K, used 77931K [0x0000000082600000, 0x0000000100000000)
  region size 1024K, 46 young (47104K), 5 survivors (5120K)
 Metaspace       used 76691K, committed 77376K, reserved 1179648K
  class space    used 10041K, committed 10368K, reserved 1048576K
}
Event: 383.404 GC heap after
{Heap after GC invocations=17 (full 0):
 garbage-first heap   total 102400K, used 39837K [0x0000000082600000, 0x0000000100000000)
  region size 1024K, 5 young (5120K), 5 survivors (5120K)
 Metaspace       used 76691K, committed 77376K, reserved 1179648K
  class space    used 10041K, committed 10368K, reserved 1048576K
}
Event: 445.380 GC heap before
{Heap before GC invocations=17 (full 0):
 garbage-first heap   total 102400K, used 79773K [0x0000000082600000, 0x0000000100000000)
  region size 1024K, 44 young (45056K), 5 survivors (5120K)
 Metaspace       used 76834K, committed 77504K, reserved 1179648K
  class space    used 10042K, committed 10368K, reserved 1048576K
}
Event: 445.383 GC heap after
{Heap after GC invocations=18 (full 0):
 garbage-first heap   total 102400K, used 40123K [0x0000000082600000, 0x0000000100000000)
  region size 1024K, 4 young (4096K), 4 survivors (4096K)
 Metaspace       used 76834K, committed 77504K, reserved 1179648K
  class space    used 10042K, committed 10368K, reserved 1048576K
}
Event: 3682.787 GC heap before
{Heap before GC invocations=18 (full 0):
 garbage-first heap   total 102400K, used 79035K [0x0000000082600000, 0x0000000100000000)
  region size 1024K, 43 young (44032K), 4 survivors (4096K)
 Metaspace       used 77237K, committed 77888K, reserved 1179648K
  class space    used 10052K, committed 10368K, reserved 1048576K
}
Event: 3682.812 GC heap after
{Heap after GC invocations=19 (full 0):
 garbage-first heap   total 102400K, used 41640K [0x0000000082600000, 0x0000000100000000)
  region size 1024K, 5 young (5120K), 5 survivors (5120K)
 Metaspace       used 77237K, committed 77888K, reserved 1179648K
  class space    used 10052K, committed 10368K, reserved 1048576K
}
Event: 4714.014 GC heap before
{Heap before GC invocations=19 (full 0):
 garbage-first heap   total 102400K, used 79528K [0x0000000082600000, 0x0000000100000000)
  region size 1024K, 42 young (43008K), 5 survivors (5120K)
 Metaspace       used 78479K, committed 79168K, reserved 1179648K
  class space    used 10206K, committed 10496K, reserved 1048576K
}
Event: 4714.046 GC heap after
{Heap after GC invocations=20 (full 0):
 garbage-first heap   total 102400K, used 40292K [0x0000000082600000, 0x0000000100000000)
  region size 1024K, 3 young (3072K), 3 survivors (3072K)
 Metaspace       used 78479K, committed 79168K, reserved 1179648K
  class space    used 10206K, committed 10496K, reserved 1048576K
}

Dll operation events (14 events):
Event: 0.015 Loaded shared library C:\Users\swapn\.jdks\openjdk-19.0.2\bin\java.dll
Event: 0.024 Loaded shared library C:\Users\swapn\.jdks\openjdk-19.0.2\bin\jsvml.dll
Event: 0.140 Loaded shared library C:\Users\swapn\.jdks\openjdk-19.0.2\bin\zip.dll
Event: 0.142 Loaded shared library C:\Users\swapn\.jdks\openjdk-19.0.2\bin\instrument.dll
Event: 0.147 Loaded shared library C:\Users\swapn\.jdks\openjdk-19.0.2\bin\net.dll
Event: 0.149 Loaded shared library C:\Users\swapn\.jdks\openjdk-19.0.2\bin\nio.dll
Event: 0.151 Loaded shared library C:\Users\swapn\.jdks\openjdk-19.0.2\bin\zip.dll
Event: 0.335 Loaded shared library C:\Program Files\JetBrains\IntelliJ IDEA Community Edition 2023.1.3\bin\breakgen64.dll
Event: 0.346 Loaded shared library C:\Users\swapn\.jdks\openjdk-19.0.2\bin\extnet.dll
Event: 0.369 Loaded shared library C:\Users\swapn\.jdks\openjdk-19.0.2\bin\jimage.dll
Event: 2.752 Loaded shared library C:\Users\swapn\.jdks\openjdk-19.0.2\bin\sunmscapi.dll
Event: 2.758 Loaded shared library C:\Users\swapn\.jdks\openjdk-19.0.2\bin\management.dll
Event: 2.760 Loaded shared library C:\Users\swapn\.jdks\openjdk-19.0.2\bin\management_ext.dll
Event: 3.817 Loaded shared library C:\Users\swapn\.jdks\openjdk-19.0.2\bin\verify.dll

Deoptimization events (20 events):
Event: 4525.875 Thread 0x000001e709a5c080 DEOPT PACKING pc=0x000001e7732da8a8 sp=0x00000028151fafc0
Event: 4525.875 Thread 0x000001e709a5c080 DEOPT UNPACKING pc=0x000001e772cf6da3 sp=0x00000028151faeb8 mode 2
Event: 4645.186 Thread 0x000001e709a5e060 DEOPT PACKING pc=0x000001e76bf871d1 sp=0x0000002814dfa530
Event: 4645.186 Thread 0x000001e709a5e060 DEOPT UNPACKING pc=0x000001e772cf7543 sp=0x0000002814df99e8 mode 0
Event: 4714.269 Thread 0x000001e709a5f050 Uncommon trap: trap_request=0xffffffbe fr.pc=0x000001e7738a55e0 relative=0x0000000000000d80
Event: 4714.269 Thread 0x000001e709a5f050 Uncommon trap: reason=profile_predicate action=maybe_recompile pc=0x000001e7738a55e0 method=com.fasterxml.jackson.databind.ser.std.CollectionSerializer.serializeContents(Ljava/util/Collection;Lcom/fasterxml/jackson/core/JsonGenerator;Lcom/fasterxml/jackso
Event: 4714.269 Thread 0x000001e709a5f050 DEOPT PACKING pc=0x000001e7738a55e0 sp=0x00000028153faae0
Event: 4714.269 Thread 0x000001e709a5f050 DEOPT UNPACKING pc=0x000001e772cf6da3 sp=0x00000028153faaa0 mode 2
Event: 4714.270 Thread 0x000001e709a5f050 Uncommon trap: trap_request=0xffffffbe fr.pc=0x000001e7738a55e0 relative=0x0000000000000d80
Event: 4714.270 Thread 0x000001e709a5f050 Uncommon trap: reason=profile_predicate action=maybe_recompile pc=0x000001e7738a55e0 method=com.fasterxml.jackson.databind.ser.std.CollectionSerializer.serializeContents(Ljava/util/Collection;Lcom/fasterxml/jackson/core/JsonGenerator;Lcom/fasterxml/jackso
Event: 4714.270 Thread 0x000001e709a5f050 DEOPT PACKING pc=0x000001e7738a55e0 sp=0x00000028153faae0
Event: 4714.270 Thread 0x000001e709a5f050 DEOPT UNPACKING pc=0x000001e772cf6da3 sp=0x00000028153faaa0 mode 2
Event: 4714.272 Thread 0x000001e709a5f050 Uncommon trap: trap_request=0xffffffbe fr.pc=0x000001e7738a55e0 relative=0x0000000000000d80
Event: 4714.272 Thread 0x000001e709a5f050 Uncommon trap: reason=profile_predicate action=maybe_recompile pc=0x000001e7738a55e0 method=com.fasterxml.jackson.databind.ser.std.CollectionSerializer.serializeContents(Ljava/util/Collection;Lcom/fasterxml/jackson/core/JsonGenerator;Lcom/fasterxml/jackso
Event: 4714.272 Thread 0x000001e709a5f050 DEOPT PACKING pc=0x000001e7738a55e0 sp=0x00000028153faae0
Event: 4714.272 Thread 0x000001e709a5f050 DEOPT UNPACKING pc=0x000001e772cf6da3 sp=0x00000028153faaa0 mode 2
Event: 4714.273 Thread 0x000001e709a5f050 Uncommon trap: trap_request=0xffffffbe fr.pc=0x000001e7738a55e0 relative=0x0000000000000d80
Event: 4714.273 Thread 0x000001e709a5f050 Uncommon trap: reason=profile_predicate action=maybe_recompile pc=0x000001e7738a55e0 method=com.fasterxml.jackson.databind.ser.std.CollectionSerializer.serializeContents(Ljava/util/Collection;Lcom/fasterxml/jackson/core/JsonGenerator;Lcom/fasterxml/jackso
Event: 4714.273 Thread 0x000001e709a5f050 DEOPT PACKING pc=0x000001e7738a55e0 sp=0x00000028153faae0
Event: 4714.273 Thread 0x000001e709a5f050 DEOPT UNPACKING pc=0x000001e772cf6da3 sp=0x00000028153faaa0 mode 2

Classes loaded (20 events):
Event: 1760.741 Loading class sun/security/ssl/Alert
Event: 1760.743 Loading class sun/security/ssl/Alert done
Event: 1760.744 Loading class sun/security/ssl/Alert$AlertConsumer
Event: 1760.745 Loading class sun/security/ssl/Alert$AlertConsumer done
Event: 1760.745 Loading class sun/security/ssl/Alert$Level
Event: 1760.746 Loading class sun/security/ssl/Alert$Level done
Event: 1760.747 Loading class sun/net/ConnectionResetException
Event: 1760.748 Loading class sun/net/ConnectionResetException done
Event: 4518.032 Loading class java/util/concurrent/atomic/AtomicIntegerArray
Event: 4518.032 Loading class java/util/concurrent/atomic/AtomicIntegerArray done
Event: 4518.057 Loading class sun/security/rsa/RSASignature$SHA256withRSA
Event: 4518.057 Loading class sun/security/rsa/RSASignature$SHA256withRSA done
Event: 4518.058 Loading class sun/security/rsa/RSAPrivateKeyImpl
Event: 4518.058 Loading class sun/security/rsa/RSAPrivateKeyImpl done
Event: 4518.058 Loading class sun/security/rsa/RSAPadding
Event: 4518.059 Loading class sun/security/rsa/RSAPadding done
Event: 4518.061 Loading class sun/security/rsa/RSACore$BlindingParameters
Event: 4518.061 Loading class sun/security/rsa/RSACore$BlindingParameters done
Event: 4518.065 Loading class sun/security/rsa/RSACore$BlindingRandomPair
Event: 4518.065 Loading class sun/security/rsa/RSACore$BlindingRandomPair done

Classes unloaded (0 events):
No events

Classes redefined (0 events):
No events

Internal exceptions (20 events):
Event: 27.597 Thread 0x000001e709a5db10 Implicit null exception at 0x000001e7736c9b24 to 0x000001e7736cd460
Event: 27.603 Thread 0x000001e709a5db10 Implicit null exception at 0x000001e7736e3020 to 0x000001e7736e397c
Event: 27.603 Thread 0x000001e709a5db10 Implicit null exception at 0x000001e77369f440 to 0x000001e77369f5d8
Event: 27.627 Thread 0x000001e709a5db10 Implicit null exception at 0x000001e7736c0511 to 0x000001e7736c2184
Event: 28.970 Thread 0x000001e709a5c5d0 Exception <a 'java/lang/NoSuchMethodError'{0x0000000087674520}: 'java.lang.Object java.lang.invoke.DirectMethodHandle$Holder.invokeInterface(java.lang.Object, java.lang.Object, java.lang.Object, java.lang.Object)'> (0x0000000087674520) 
thrown [s\open\src\hotspot\share\interpreter\linkResolver.cpp, line 774]
Event: 1760.747 Thread 0x000001e70cd3e310 Exception <a 'java/io/IOException'{0x00000000891f3d58}> (0x00000000891f3d58) 
thrown [s\open\src\hotspot\share\prims\jni.cpp, line 517]
Event: 1760.747 Thread 0x000001e70cd3e310 Exception <a 'java/io/IOException'{0x00000000891f48b0}> (0x00000000891f48b0) 
thrown [s\open\src\hotspot\share\prims\jni.cpp, line 517]
Event: 1760.777 Thread 0x000001e70cd3d870 Implicit null exception at 0x000001e773688723 to 0x000001e773688b54
Event: 1760.784 Thread 0x000001e70cd3d870 Implicit null exception at 0x000001e7733f07d8 to 0x000001e7733f1908
Event: 1771.635 Thread 0x000001e70cd37380 Exception <a 'java/io/IOException'{0x0000000088371c58}> (0x0000000088371c58) 
thrown [s\open\src\hotspot\share\prims\jni.cpp, line 517]
Event: 1784.885 Thread 0x000001e70cd3bde0 Exception <a 'java/io/IOException'{0x00000000882438a8}> (0x00000000882438a8) 
thrown [s\open\src\hotspot\share\prims\jni.cpp, line 517]
Event: 1793.967 Thread 0x000001e70cd3b890 Exception <a 'java/io/IOException'{0x00000000882c4550}> (0x00000000882c4550) 
thrown [s\open\src\hotspot\share\prims\jni.cpp, line 517]
Event: 1795.822 Thread 0x000001e70cd3b890 Exception <a 'java/io/IOException'{0x00000000882c67f0}> (0x00000000882c67f0) 
thrown [s\open\src\hotspot\share\prims\jni.cpp, line 517]
Event: 1802.162 Thread 0x000001e70cd3b890 Exception <a 'java/net/SocketException'{0x00000000882cc320}: Connection reset by peer: shutdown> (0x00000000882cc320) 
thrown [s\open\src\hotspot\share\prims\jni.cpp, line 536]
Event: 3527.741 Thread 0x000001e70cd3adf0 Exception <a 'java/io/IOException'{0x000000008793ad70}> (0x000000008793ad70) 
thrown [s\open\src\hotspot\share\prims\jni.cpp, line 517]
Event: 3527.747 Thread 0x000001e70cd3adf0 Exception <a 'java/io/IOException'{0x000000008793b8c8}> (0x000000008793b8c8) 
thrown [s\open\src\hotspot\share\prims\jni.cpp, line 517]
Event: 3568.588 Thread 0x000001e70cd388c0 Exception <a 'java/io/IOException'{0x00000000877623c0}> (0x00000000877623c0) 
thrown [s\open\src\hotspot\share\prims\jni.cpp, line 517]
Event: 3578.517 Thread 0x000001e70cd388c0 Exception <a 'java/net/SocketException'{0x00000000877e3008}: Connection reset by peer: shutdown> (0x00000000877e3008) 
thrown [s\open\src\hotspot\share\prims\jni.cpp, line 536]
Event: 4517.974 Thread 0x000001e709a5cb20 Implicit null exception at 0x000001e77340a56c to 0x000001e77340a620
Event: 4621.063 Thread 0x000001e709a5d5c0 Exception <a 'java/io/IOException'{0x0000000086e08d50}> (0x0000000086e08d50) 
thrown [s\open\src\hotspot\share\prims\jni.cpp, line 517]

VM Operations (20 events):
Event: 4517.849 Executing VM operation: Cleanup
Event: 4517.849 Executing VM operation: Cleanup done
Event: 4518.853 Executing VM operation: Cleanup
Event: 4518.853 Executing VM operation: Cleanup done
Event: 4525.910 Executing VM operation: Cleanup
Event: 4525.910 Executing VM operation: Cleanup done
Event: 4545.095 Executing VM operation: Cleanup
Event: 4545.095 Executing VM operation: Cleanup done
Event: 4621.867 Executing VM operation: Cleanup
Event: 4621.867 Executing VM operation: Cleanup done
Event: 4645.123 Executing VM operation: Cleanup
Event: 4645.124 Executing VM operation: Cleanup done
Event: 4673.402 Executing VM operation: Cleanup
Event: 4673.402 Executing VM operation: Cleanup done
Event: 4713.816 Executing VM operation: Cleanup
Event: 4713.816 Executing VM operation: Cleanup done
Event: 4714.013 Executing VM operation: G1CollectForAllocation
Event: 4714.046 Executing VM operation: G1CollectForAllocation done
Event: 4714.172 Executing VM operation: HandshakeAllThreads
Event: 4714.172 Executing VM operation: HandshakeAllThreads done

Events (20 events):
Event: 3568.585 Thread 0x000001e70cd388c0 Thread added: 0x000001e70cd388c0
Event: 3568.585 Thread 0x000001e70cd3a8a0 Thread added: 0x000001e70cd3a8a0
Event: 3573.607 Thread 0x000001e70cd388c0 Thread exited: 0x000001e70cd388c0
Event: 3573.641 Thread 0x000001e70cd3a8a0 Thread exited: 0x000001e70cd3a8a0
Event: 3577.631 Thread 0x000001e70cd388c0 Thread added: 0x000001e70cd388c0
Event: 3577.631 Thread 0x000001e70cd39360 Thread added: 0x000001e70cd39360
Event: 3585.155 Thread 0x000001e70cd388c0 Thread exited: 0x000001e70cd388c0
Event: 3585.186 Thread 0x000001e70cd39360 Thread exited: 0x000001e70cd39360
Event: 3595.712 Thread 0x000001e70cd3ddc0 Thread added: 0x000001e70cd3ddc0
Event: 3595.712 Thread 0x000001e70cd3a8a0 Thread added: 0x000001e70cd3a8a0
Event: 3602.026 Thread 0x000001e70cd3ddc0 Thread exited: 0x000001e70cd3ddc0
Event: 3602.058 Thread 0x000001e70cd3a8a0 Thread exited: 0x000001e70cd3a8a0
Event: 3728.303 Thread 0x000001e7073c6030 Thread added: 0x000001e7073c6030
Event: 3733.493 Thread 0x000001e7073c6030 Thread exited: 0x000001e7073c6030
Event: 4714.254 Thread 0x000001e77fa7d850 flushing nmethod 0x000001e76b8f9390
Event: 4714.307 Thread 0x000001e77fa7d850 flushing nmethod 0x000001e76c2ff390
Event: 4714.307 Thread 0x000001e77fa7d850 flushing nmethod 0x000001e76c318e10
Event: 4714.307 Thread 0x000001e77fa7d850 flushing nmethod 0x000001e76c333990
Event: 4714.309 Thread 0x000001e77fa7d850 flushing nmethod 0x000001e76c381c90
Event: 4714.315 Thread 0x000001e77fa7d850 flushing nmethod 0x000001e76c5c2e90


Dynamic libraries:
0x00007ff70fb70000 - 0x00007ff70fb7e000 	C:\Users\swapn\.jdks\openjdk-19.0.2\bin\java.exe
0x00007ff8a6970000 - 0x00007ff8a6b84000 	C:\Windows\SYSTEM32\ntdll.dll
0x00007ff8a5050000 - 0x00007ff8a5114000 	C:\Windows\System32\KERNEL32.DLL
0x00007ff8a4300000 - 0x00007ff8a46a4000 	C:\Windows\System32\KERNELBASE.dll
0x00007ff8a65b0000 - 0x00007ff8a6660000 	C:\Windows\System32\ADVAPI32.dll
0x00007ff8a6770000 - 0x00007ff8a6817000 	C:\Windows\System32\msvcrt.dll
0x00007ff8a4980000 - 0x00007ff8a4a26000 	C:\Windows\System32\sechost.dll
0x00007ff8a4ee0000 - 0x00007ff8a4ff7000 	C:\Windows\System32\RPCRT4.dll
0x00007ff8a5350000 - 0x00007ff8a5358000 	C:\Windows\System32\PSAPI.DLL
0x00007ff8a3f60000 - 0x00007ff8a4071000 	C:\Windows\System32\ucrtbase.dll
0x00007ff880050000 - 0x00007ff88006b000 	C:\Users\swapn\.jdks\openjdk-19.0.2\bin\VCRUNTIME140.dll
0x00007ff893b00000 - 0x00007ff893b17000 	C:\Users\swapn\.jdks\openjdk-19.0.2\bin\jli.dll
0x00007ff8a4750000 - 0x00007ff8a48fa000 	C:\Windows\System32\USER32.dll
0x00007ff8a3dc0000 - 0x00007ff8a3de6000 	C:\Windows\System32\win32u.dll
0x00007ff886780000 - 0x00007ff886a0f000 	C:\Windows\WinSxS\amd64_microsoft.windows.common-controls_6595b64144ccf1df_6.0.22621.2070_none_2713e6537381f706\COMCTL32.dll
0x00007ff8a6900000 - 0x00007ff8a6929000 	C:\Windows\System32\GDI32.dll
0x00007ff8a41e0000 - 0x00007ff8a42f9000 	C:\Windows\System32\gdi32full.dll
0x00007ff8a4140000 - 0x00007ff8a41da000 	C:\Windows\System32\msvcp_win.dll
0x00007ff8a51e0000 - 0x00007ff8a5211000 	C:\Windows\System32\IMM32.DLL
0x00007ff880040000 - 0x00007ff88004c000 	C:\Users\swapn\.jdks\openjdk-19.0.2\bin\vcruntime140_1.dll
0x00007ff8618a0000 - 0x00007ff86192e000 	C:\Users\swapn\.jdks\openjdk-19.0.2\bin\msvcp140.dll
0x00007ff82e5d0000 - 0x00007ff82f290000 	C:\Users\swapn\.jdks\openjdk-19.0.2\bin\server\jvm.dll
0x00007ff868fe0000 - 0x00007ff868fe9000 	C:\Windows\SYSTEM32\WSOCK32.dll
0x00007ff89d920000 - 0x00007ff89d954000 	C:\Windows\SYSTEM32\WINMM.dll
0x00007ff89d860000 - 0x00007ff89d86a000 	C:\Windows\SYSTEM32\VERSION.dll
0x00007ff8a66f0000 - 0x00007ff8a6761000 	C:\Windows\System32\WS2_32.dll
0x00007ff8a2d40000 - 0x00007ff8a2d58000 	C:\Windows\SYSTEM32\kernel.appcore.dll
0x00007ff87ea60000 - 0x00007ff87ea6a000 	C:\Users\swapn\.jdks\openjdk-19.0.2\bin\jimage.dll
0x00007ff891680000 - 0x00007ff8918ae000 	C:\Windows\SYSTEM32\DBGHELP.DLL
0x00007ff8a5360000 - 0x00007ff8a56ea000 	C:\Windows\System32\combase.dll
0x00007ff8a6820000 - 0x00007ff8a68f7000 	C:\Windows\System32\OLEAUT32.dll
0x00007ff88fc80000 - 0x00007ff88fcb2000 	C:\Windows\SYSTEM32\dbgcore.DLL
0x00007ff8a46b0000 - 0x00007ff8a472a000 	C:\Windows\System32\bcryptPrimitives.dll
0x00007ff8a1250000 - 0x00007ff8a125e000 	C:\Users\swapn\.jdks\openjdk-19.0.2\bin\instrument.dll
0x00007ff87ea30000 - 0x00007ff87ea56000 	C:\Users\swapn\.jdks\openjdk-19.0.2\bin\java.dll
0x00007ff83a640000 - 0x00007ff83a717000 	C:\Users\swapn\.jdks\openjdk-19.0.2\bin\jsvml.dll
0x00007ff8a5bd0000 - 0x00007ff8a63e6000 	C:\Windows\System32\SHELL32.dll
0x00007ff8a1d20000 - 0x00007ff8a260a000 	C:\Windows\SYSTEM32\windows.storage.dll
0x00007ff8a1be0000 - 0x00007ff8a1d1e000 	C:\Windows\SYSTEM32\wintypes.dll
0x00007ff8a4de0000 - 0x00007ff8a4ed3000 	C:\Windows\System32\SHCORE.dll
0x00007ff8a4cd0000 - 0x00007ff8a4d2e000 	C:\Windows\System32\shlwapi.dll
0x00007ff8a3c80000 - 0x00007ff8a3ca6000 	C:\Windows\SYSTEM32\profapi.dll
0x00007ff87edf0000 - 0x00007ff87ee08000 	C:\Users\swapn\.jdks\openjdk-19.0.2\bin\zip.dll
0x00007ff87ee30000 - 0x00007ff87ee43000 	C:\Users\swapn\.jdks\openjdk-19.0.2\bin\net.dll
0x00007ff89d630000 - 0x00007ff89d767000 	C:\Windows\SYSTEM32\WINHTTP.dll
0x00007ff8a3210000 - 0x00007ff8a3279000 	C:\Windows\system32\mswsock.dll
0x00007ff87ee10000 - 0x00007ff87ee26000 	C:\Users\swapn\.jdks\openjdk-19.0.2\bin\nio.dll
0x00007ff89f530000 - 0x00007ff89f54a000 	C:\Program Files\JetBrains\IntelliJ IDEA Community Edition 2023.1.3\bin\breakgen64.dll
0x00007ff87ea10000 - 0x00007ff87ea18000 	C:\Users\swapn\.jdks\openjdk-19.0.2\bin\extnet.dll
0x00007ff8a34d0000 - 0x00007ff8a34eb000 	C:\Windows\SYSTEM32\CRYPTSP.dll
0x00007ff8a2d00000 - 0x00007ff8a2d35000 	C:\Windows\system32\rsaenh.dll
0x00007ff8a3300000 - 0x00007ff8a332c000 	C:\Windows\SYSTEM32\USERENV.dll
0x00007ff8a36f0000 - 0x00007ff8a3718000 	C:\Windows\SYSTEM32\bcrypt.dll
0x00007ff8a34f0000 - 0x00007ff8a34fc000 	C:\Windows\SYSTEM32\CRYPTBASE.dll
0x00007ff8a2870000 - 0x00007ff8a289d000 	C:\Windows\SYSTEM32\IPHLPAPI.DLL
0x00007ff8a51d0000 - 0x00007ff8a51d9000 	C:\Windows\System32\NSI.dll
0x00007ff89d840000 - 0x00007ff89d859000 	C:\Windows\SYSTEM32\dhcpcsvc6.DLL
0x00007ff89d3b0000 - 0x00007ff89d3cf000 	C:\Windows\SYSTEM32\dhcpcsvc.DLL
0x00007ff8a28e0000 - 0x00007ff8a29d3000 	C:\Windows\SYSTEM32\DNSAPI.dll
0x00007ff8a11d0000 - 0x00007ff8a11de000 	C:\Users\swapn\.jdks\openjdk-19.0.2\bin\sunmscapi.dll
0x00007ff8a3df0000 - 0x00007ff8a3f57000 	C:\Windows\System32\CRYPT32.dll
0x00007ff8a36c0000 - 0x00007ff8a36ee000 	C:\Windows\SYSTEM32\ncrypt.dll
0x00007ff8a3680000 - 0x00007ff8a36b7000 	C:\Windows\SYSTEM32\NTASN1.dll
0x00007ff8a1240000 - 0x00007ff8a124a000 	C:\Users\swapn\.jdks\openjdk-19.0.2\bin\management.dll
0x00007ff8a11e0000 - 0x00007ff8a11eb000 	C:\Users\swapn\.jdks\openjdk-19.0.2\bin\management_ext.dll
0x00007ff89c700000 - 0x00007ff89c70a000 	C:\Windows\System32\rasadhlp.dll
0x00007ff89c7a0000 - 0x00007ff89c824000 	C:\Windows\System32\fwpuclnt.dll
0x00007ff867b50000 - 0x00007ff867b60000 	C:\Users\swapn\.jdks\openjdk-19.0.2\bin\verify.dll
0x00007ff886560000 - 0x00007ff886577000 	C:\Windows\system32\napinsp.dll
0x00007ff885ab0000 - 0x00007ff885acb000 	C:\Windows\system32\pnrpnsp.dll
0x00007ff885a90000 - 0x00007ff885aa1000 	C:\Windows\System32\winrnr.dll
0x00007ff886e00000 - 0x00007ff886e15000 	C:\Windows\system32\wshbth.dll
0x00007ff886dd0000 - 0x00007ff886df1000 	C:\Windows\system32\nlansp_c.dll
0x00007ff880a30000 - 0x00007ff880a38000 	C:\Windows\system32\wshunix.dll
0x000000006db30000 - 0x000000006de61000 	C:\Program Files\Norton Security\NortonData\22.22.9.11\Definitions\IPSDefs\20230912.064\IPSEng64.dll
0x00007ff8a4b30000 - 0x00007ff8a4ccc000 	C:\Windows\System32\Ole32.dll
0x00007ff8a1360000 - 0x00007ff8a140b000 	C:\Windows\system32\uxtheme.dll

dbghelp: loaded successfully - version: 4.0.5 - missing functions: none
symbol engine: initialized successfully - sym options: 0x614 - pdb path: .;C:\Users\swapn\.jdks\openjdk-19.0.2\bin;C:\Windows\SYSTEM32;C:\Program Files\Norton Security\NortonData\22.22.9.11\Definitions\IPSDefs\20230911.064;C:\Windows\WinSxS\amd64_microsoft.windows.common-controls_6595b64144ccf1df_6.0.22621.2070_none_2713e6537381f706;C:\Users\swapn\.jdks\openjdk-19.0.2\bin\server;C:\Program Files\JetBrains\IntelliJ IDEA Community Edition 2023.1.3\bin;C:\Program Files\Norton Security\NortonData\22.22.9.11\Definitions\IPSDefs\20230912.064

VM Arguments:
jvm_args: -javaagent:C:\Program Files\JetBrains\IntelliJ IDEA Community Edition 2023.1.3\lib\idea_rt.jar=56640:C:\Program Files\JetBrains\IntelliJ IDEA Community Edition 2023.1.3\bin -Dfile.encoding=UTF-8 -Dsun.stdout.encoding=UTF-8 -Dsun.stderr.encoding=UTF-8 
java_command: com.product.product.service.ProductServiceApplication
java_class_path (initial): C:\Users\swapn\Desktop\MSc\product-service\target\classes;C:\Users\swapn\.m2\repository\org\springframework\boot\spring-boot-starter-data-jpa\3.1.1\spring-boot-starter-data-jpa-3.1.1.jar;C:\Users\swapn\.m2\repository\org\springframework\boot\spring-boot-starter-aop\3.1.1\spring-boot-starter-aop-3.1.1.jar;C:\Users\swapn\.m2\repository\org\aspectj\aspectjweaver\1.9.19\aspectjweaver-1.9.19.jar;C:\Users\swapn\.m2\repository\org\springframework\boot\spring-boot-starter-jdbc\3.1.1\spring-boot-starter-jdbc-3.1.1.jar;C:\Users\swapn\.m2\repository\com\zaxxer\HikariCP\5.0.1\HikariCP-5.0.1.jar;C:\Users\swapn\.m2\repository\org\springframework\spring-jdbc\6.0.10\spring-jdbc-6.0.10.jar;C:\Users\swapn\.m2\repository\org\hibernate\orm\hibernate-core\6.2.5.Final\hibernate-core-6.2.5.Final.jar;C:\Users\swapn\.m2\repository\jakarta\persistence\jakarta.persistence-api\3.1.0\jakarta.persistence-api-3.1.0.jar;C:\Users\swapn\.m2\repository\jakarta\transaction\jakarta.transaction-api\2.0.1\jakarta.transaction-api-2.0.1.jar;C:\Users\swapn\.m2\repository\org\jboss\logging\jboss-logging\3.5.1.Final\jboss-logging-3.5.1.Final.jar;C:\Users\swapn\.m2\repository\org\hibernate\common\hibernate-commons-annotations\6.0.6.Final\hibernate-commons-annotations-6.0.6.Final.jar;C:\Users\swapn\.m2\repository\io\smallrye\jandex\3.0.5\jandex-3.0.5.jar;C:\Users\swapn\.m2\repository\com\fasterxml\classmate\1.5.1\classmate-1.5.1.jar;C:\Users\swapn\.m2\repository\net\bytebuddy\byte-buddy\1.14.5\byte-buddy-1.14.5.jar;C:\Users\swapn\.m2\repository\org\glassfish\jaxb\jaxb-runtime\4.0.3\jaxb-runtime-4.0.3.jar;C:\Users\swapn\.m2\repository\org\glassfish\jaxb\jaxb-core\4.0.3\jaxb-core-4.0.3.jar;C:\Users\swapn\.m2\repository\org\eclipse\angus\angus-activation\2.0.1\angus-activation-2.0.1.jar;C:\Users\swapn\.m2\repository\org\glassfish\jaxb\txw2\4.0.3\txw2-4.0.3.jar;C:\Users\swapn\.m2\repository\com\sun\istack\istack-commons-runtime\4.1.2\istack-commons-runtime-4.1.2.jar;C:\Users\swapn\.m2\repository\jakarta\inject\jakarta.inject-api\2.0.1\jakarta.inject-api-2.0.1.jar;C:\Users\swapn\.m2\repository\org\antlr\antlr4-runtime\4.10.1\antlr4-runtime-4.10.1.jar;C:\Users\swapn\.m2\repository\org\springframework\data\spring-data-jpa\3.1.1\spring-data-jpa-3.1.1.jar;C:\Users\swapn\.m2\repository\org\springframework\data\spring-data-commons\3.1.1\spring-data-commons-3.1.1.jar;C:\Users\swapn\.m2\repository\org\springframework\spring-orm\6.0.10\spring-orm-6.0.10.jar;C:\Users\swapn\.m2\repository\org\springframework\spring-context\6.0.10\spring-context-6.0.10.jar;C:\Users\swapn\.m2\repository\org\springframework\spring-tx\6.0.10\spring-tx-6.0.10.jar;C:\Users\swapn\.m2\repository\org\springframework\spring-beans\6.0.10\spring-beans-6.0.10.jar;C:\Users\swapn\.m2\repository\jakarta\annotation\jakarta.annotation-api\2.1.1\jakarta.annotation-api-2.1.1.jar;C:\Users\swapn\.m2\repository\org\slf4j\slf4j-api\2.0.7\slf4j-api-2.0.7.jar;C:\Users\swapn\.m2\repository\org\springframework\spring-aspects\6.0.10\spring-aspects-6.0.10.jar;C:\Users\swapn\.m2\repository\javax\validation\validation-api\2.0.0.Final\validation-api-2.0.0.Final.jar;C:\Users\swapn\.m2\repository\org\springframework\boot\spring-boot-starter-security\3.1.1\spring-boot-starter-security-3.1.1.jar;C:\Users\swapn\.m2\repository\org\springframework\boot\spring-boot-starter\3.1.1\spring-boot-starter-3.1.1.jar;C:\Users\swapn\.m2\repository\org\springframework\boot\spring-boot\3.1.1\spring-boot-3.1.1.jar;C:\Users\swapn\.m2\repository\org\springframework\boot\spring-boot-autoconfigure\3.1.1\spring-boot-autoconfigure-3.1.1.jar;C:\Users\swapn\.m2\repository\org\springframework\boot\spring-boot-starter-logging\3.1.1\spring-boot-starter-logging-3.1.1.jar;C:\Users\swapn\.m2\repository\ch\qos\logback\logback-classic\1.4.8\logback-classic-1.4.8.jar;C:\Users\swapn\.m2\repository\ch\qos\logback\logback-core\1.4.8\logback-core-1.4.8.jar;C:\Users\swapn\.m2\repository\org\apache\logging\log4j\log4j-to-slf4j\2.20.0\log4j-to-slf4j-2.20.0.jar;C:\Users\swapn\.m2\repository\org\apache\logging\log4j\log4j-api\2.20.0\log4j-api-2.20.0.jar;C:\Users\swapn\.m2\repository\org\slf4j\jul-to-slf4j\2.0.7\jul-to-slf4j-2.0.7.jar;C:\Users\swapn\.m2\repository\org\yaml\snakeyaml\1.33\snakeyaml-1.33.jar;C:\Users\swapn\.m2\repository\org\springframework\spring-aop\6.0.10\spring-aop-6.0.10.jar;C:\Users\swapn\.m2\repository\org\springframework\security\spring-security-config\6.1.1\spring-security-config-6.1.1.jar;C:\Users\swapn\.m2\repository\org\springframework\security\spring-security-web\6.1.1\spring-security-web-6.1.1.jar;C:\Users\swapn\.m2\repository\org\springframework\spring-expression\6.0.10\spring-expression-6.0.10.jar;C:\Users\swapn\.m2\repository\org\springframework\boot\spring-boot-starter-oauth2-resource-server\3.1.1\spring-boot-starter-oauth2-resource-server-3.1.1.jar;C:\Users\swapn\.m2\repository\org\springframework\security\spring-security-core\6.1.1\spring-security-core-6.1.1.jar;C:\Users\swapn\.m2\repository\org\springframework\security\spring-security-crypto\6.1.1\spring-security-crypto-6.1.1.jar;C:\Users\swapn\.m2\repository\io\micrometer\micrometer-observation\1.11.1\micrometer-observation-1.11.1.jar;C:\Users\swapn\.m2\repository\io\micrometer\micrometer-commons\1.11.1\micrometer-commons-1.11.1.jar;C:\Users\swapn\.m2\repository\org\springframework\security\spring-security-oauth2-resource-server\6.1.1\spring-security-oauth2-resource-server-6.1.1.jar;C:\Users\swapn\.m2\repository\org\springframework\security\spring-security-oauth2-core\6.1.1\spring-security-oauth2-core-6.1.1.jar;C:\Users\swapn\.m2\repository\org\springframework\security\spring-security-oauth2-jose\6.1.1\spring-security-oauth2-jose-6.1.1.jar;C:\Users\swapn\.m2\repository\com\nimbusds\nimbus-jose-jwt\9.31\nimbus-jose-jwt-9.31.jar;C:\Users\swapn\.m2\repository\com\github\stephenc\jcip\jcip-annotations\1.0-1\jcip-annotations-1.0-1.jar;C:\Users\swapn\.m2\repository\javax\xml\bind\jaxb-api\2.3.0\jaxb-api-2.3.0.jar;C:\Users\swapn\.m2\repository\org\springframework\boot\spring-boot-starter-web\3.1.1\spring-boot-starter-web-3.1.1.jar;C:\Users\swapn\.m2\repository\org\springframework\boot\spring-boot-starter-json\3.1.1\spring-boot-starter-json-3.1.1.jar;C:\Users\swapn\.m2\repository\com\fasterxml\jackson\core\jackson-databind\2.15.2\jackson-databind-2.15.2.jar;C:\Users\swapn\.m2\repository\com\fasterxml\jackson\core\jackson-annotations\2.15.2\jackson-annotations-2.15.2.jar;C:\Users\swapn\.m2\repository\com\fasterxml\jackson\core\jackson-core\2.15.2\jackson-core-2.15.2.jar;C:\Users\swapn\.m2\repository\com\fasterxml\jackson\datatype\jackson-datatype-jdk8\2.15.2\jackson-datatype-jdk8-2.15.2.jar;C:\Users\swapn\.m2\repository\com\fasterxml\jackson\datatype\jackson-datatype-jsr310\2.15.2\jackson-datatype-jsr310-2.15.2.jar;C:\Users\swapn\.m2\repository\com\fasterxml\jackson\module\jackson-module-parameter-names\2.15.2\jackson-module-parameter-names-2.15.2.jar;C:\Users\swapn\.m2\repository\org\springframework\boot\spring-boot-starter-tomcat\3.1.1\spring-boot-starter-tomcat-3.1.1.jar;C:\Users\swapn\.m2\repository\org\apache\tomcat\embed\tomcat-embed-core\10.1.10\tomcat-embed-core-10.1.10.jar;C:\Users\swapn\.m2\repository\org\apache\tomcat\embed\tomcat-embed-el\10.1.10\tomcat-embed-el-10.1.10.jar;C:\Users\swapn\.m2\repository\org\apache\tomcat\embed\tomcat-embed-websocket\10.1.10\tomcat-embed-websocket-10.1.10.jar;C:\Users\swapn\.m2\repository\org\springframework\spring-web\6.0.10\spring-web-6.0.10.jar;C:\Users\swapn\.m2\repository\org\springframework\spring-webmvc\6.0.10\spring-webmvc-6.0.10.jar;C:\Users\swapn\.m2\repository\org\python\jython-slim\2.7.3b1\jython-slim-2.7.3b1.jar;C:\Users\swapn\.m2\repository\org\antlr\antlr\3.5.2\antlr-3.5.2.jar;C:\Users\swapn\.m2\repository\org\antlr\ST4\4.0.8\ST4-4.0.8.jar;C:\Users\swapn\.m2\repository\javax\servlet\javax.servlet-api\3.1.0\javax.servlet-api-3.1.0.jar;C:\Users\swapn\.m2\repository\org\antlr\antlr-runtime\3.5.2\antlr-runtime-3.5.2.jar;C:\Users\swapn\.m2\repository\org\apache\commons\commons-compress\1.21\commons-compress-1.21.jar;C:\Users\swapn\.m2\repository\org\bouncycastle\bcpkix-jdk18on\1.71\bcpkix-jdk18on-1.71.jar;C:\Users\swapn\.m2\repository\org\bouncycastle\bcutil-jdk18on\1.71\bcutil-jdk18on-1.71.jar;C:\Users\swapn\.m2\repository\org\bouncycastle\bcprov-jdk18on\1.71\bcprov-jdk18on-1.71.jar;C:\Users\swapn\.m2\repository\org\ow2\asm\asm\9.3\asm-9.3.jar;C:\Users\swapn\.m2\repository\org\ow2\asm\asm-commons\9.3\asm-commons-9.3.jar;C:\Users\swapn\.m2\repository\org\ow2\asm\asm-tree\9.3\asm-tree-9.3.jar;C:\Users\swapn\.m2\repository\org\ow2\asm\asm-analysis\9.3\asm-analysis-9.3.jar;C:\Users\swapn\.m2\repository\org\ow2\asm\asm-util\9.3\asm-util-9.3.jar;C:\Users\swapn\.m2\repository\com\google\guava\guava\31.0.1-jre\guava-31.0.1-jre.jar;C:\Users\swapn\.m2\repository\com\google\guava\failureaccess\1.0.1\failureaccess-1.0.1.jar;C:\Users\swapn\.m2\repository\com\google\guava\listenablefuture\9999.0-empty-to-avoid-conflict-with-guava\listenablefuture-9999.0-empty-to-avoid-conflict-with-guava.jar;C:\Users\swapn\.m2\repository\com\google\code\findbugs\jsr305\3.0.2\jsr305-3.0.2.jar;C:\Users\swapn\.m2\repository\org\checkerframework\checker-qual\3.12.0\checker-qual-3.12.0.jar;C:\Users\swapn\.m2\repository\com\google\errorprone\error_prone_annotations\2.7.1\error_prone_annotations-2.7.1.jar;C:\Users\swapn\.m2\repository\com\google\j2objc\j2objc-annotations\1.3\j2objc-annotations-1.3.jar;C:\Users\swapn\.m2\repository\com\ibm\icu\icu4j\71.1\icu4j-71.1.jar;C:\Users\swapn\.m2\repository\com\carrotsearch\java-sizeof\0.0.5\java-sizeof-0.0.5.jar;C:\Users\swapn\.m2\repository\com\github\jnr\jffi\1.3.9\jffi-1.3.9.jar;C:\Users\swapn\.m2\repository\com\github\jnr\jnr-constants\0.10.3\jnr-constants-0.10.3.jar;C:\Users\swapn\.m2\repository\com\github\jnr\jnr-ffi\2.2.12\jnr-ffi-2.2.12.jar;C:\Users\swapn\.m2\repository\com\github\jnr\jffi\1.3.9\jffi-1.3.9-native.jar;C:\Users\swapn\.m2\repository\com\github\jnr\jnr-a64asm\1.0.0\jnr-a64asm-1.0.0.jar;C:\Users\swapn\.m2\repository\com\github\jnr\jnr-x86asm\1.0.2\jnr-x86asm-1.0.2.jar;C:\Users\swapn\.m2\repository\com\github\jnr\jnr-netdb\1.2.0\jnr-netdb-1.2.0.jar;C:\Users\swapn\.m2\repository\com\github\jnr\jnr-posix\3.1.15\jnr-posix-3.1.15.jar;C:\Users\swapn\.m2\repository\jline\jline\2.14.5\jline-2.14.5.jar;C:\Users\swapn\.m2\repository\io\netty\netty-buffer\4.1.94.Final\netty-buffer-4.1.94.Final.jar;C:\Users\swapn\.m2\repository\io\netty\netty-codec\4.1.94.Final\netty-codec-4.1.94.Final.jar;C:\Users\swapn\.m2\repository\io\netty\netty-common\4.1.94.Final\netty-common-4.1.94.Final.jar;C:\Users\swapn\.m2\repository\io\netty\netty-handler\4.1.94.Final\netty-handler-4.1.94.Final.jar;C:\Users\swapn\.m2\repository\io\netty\netty-transport-native-unix-common\4.1.94.Final\netty-transport-native-unix-common-4.1.94.Final.jar;C:\Users\swapn\.m2\repository\io\netty\netty-resolver\4.1.94.Final\netty-resolver-4.1.94.Final.jar;C:\Users\swapn\.m2\repository\io\netty\netty-transport\4.1.94.Final\netty-transport-4.1.94.Final.jar;C:\Users\swapn\.m2\repository\org\apache\ant\ant\1.10.12\ant-1.10.12.jar;C:\Users\swapn\.m2\repository\org\apache\ant\ant-launcher\1.10.12\ant-launcher-1.10.12.jar;C:\Users\swapn\.m2\repository\com\mysql\mysql-connector-j\8.0.33\mysql-connector-j-8.0.33.jar;C:\Users\swapn\.m2\repository\org\projectlombok\lombok\1.18.28\lombok-1.18.28.jar;C:\Users\swapn\.m2\repository\jakarta\xml\bind\jakarta.xml.bind-api\4.0.0\jakarta.xml.bind-api-4.0.0.jar;C:\Users\swapn\.m2\repository\jakarta\activation\jakarta.activation-api\2.1.2\jakarta.activation-api-2.1.2.jar;C:\Users\swapn\.m2\repository\org\springframework\spring-core\6.0.10\spring-core-6.0.10.jar;C:\Users\swapn\.m2\repository\org\springframework\spring-jcl\6.0.10\spring-jcl-6.0.10.jar
Launcher Type: SUN_STANDARD

[Global flags]
     intx CICompilerCount                          = 4                                         {product} {ergonomic}
     uint ConcGCThreads                            = 2                                         {product} {ergonomic}
     uint G1ConcRefinementThreads                  = 8                                         {product} {ergonomic}
   size_t G1HeapRegionSize                         = 1048576                                   {product} {ergonomic}
    uintx GCDrainStackTargetSize                   = 64                                        {product} {ergonomic}
   size_t InitialHeapSize                          = 132120576                                 {product} {ergonomic}
   size_t MarkStackSize                            = 4194304                                   {product} {ergonomic}
   size_t MaxHeapSize                              = 2107637760                                {product} {ergonomic}
   size_t MaxNewSize                               = 1264582656                                {product} {ergonomic}
   size_t MinHeapDeltaBytes                        = 1048576                                   {product} {ergonomic}
   size_t MinHeapSize                              = 8388608                                   {product} {ergonomic}
    uintx NonNMethodCodeHeapSize                   = 5839372                                {pd product} {ergonomic}
    uintx NonProfiledCodeHeapSize                  = 122909434                              {pd product} {ergonomic}
    uintx ProfiledCodeHeapSize                     = 122909434                              {pd product} {ergonomic}
    uintx ReservedCodeCacheSize                    = 251658240                              {pd product} {ergonomic}
     bool SegmentedCodeCache                       = true                                      {product} {ergonomic}
   size_t SoftMaxHeapSize                          = 2107637760                             {manageable} {ergonomic}
     bool UseCompressedClassPointers               = true                           {product lp64_product} {ergonomic}
     bool UseCompressedOops                        = true                           {product lp64_product} {ergonomic}
     bool UseG1GC                                  = true                                      {product} {ergonomic}
     bool UseLargePagesIndividualAllocation        = false                                  {pd product} {ergonomic}

Logging:
Log output configuration:
 #0: stdout all=warning uptime,level,tags foldmultilines=false
 #1: stderr all=off uptime,level,tags foldmultilines=false

Environment Variables:
PATH=C:\Python311\Scripts\;C:\Python311\;C:\Program Files\Common Files\Oracle\Java\javapath;C:\Program Files (x86)\Intel\Intel(R) Management Engine Components\iCLS\;C:\Program Files\Intel\Intel(R) Management Engine Components\iCLS\;C:\Windows\system32;C:\Windows;C:\Windows\System32\Wbem;C:\Windows\System32\WindowsPowerShell\v1.0\;C:\Windows\System32\OpenSSH\;C:\Program Files (x86)\Intel\Intel(R) Management Engine Components\DAL;C:\Program Files\Intel\Intel(R) Management Engine Components\DAL;C:\Program Files (x86)\Intel\Intel(R) Management Engine Components\IPT;C:\Program Files\Intel\Intel(R) Management Engine Components\IPT;C:\Program Files (x86)\NVIDIA Corporation\PhysX\Common;C:\Windows\system32;C:\Windows;C:\Windows\System32\Wbem;C:\Windows\System32\WindowsPowerShell\v1.0\;C:\Windows\System32\OpenSSH\;C:\ProgramData\chocolatey\bin;D:\Git\cmd;C:\Program Files\nodejs\;C:\Program Files\MySQL\MySQL Shell 8.0\bin\;C:\Users\swapn\AppData\Local\Microsoft\WindowsApps;;C:\Program Files\JetBrains\IntelliJ IDEA Community Edition 2022.3.2\bin;;D:\Microsoft VS Code\bin;C:\Users\swapn\AppData\Roaming\npm
USERNAME=swapn
OS=Windows_NT
PROCESSOR_IDENTIFIER=Intel64 Family 6 Model 158 Stepping 10, GenuineIntel
TMP=C:\Users\swapn\AppData\Local\Temp
TEMP=C:\Users\swapn\AppData\Local\Temp



---------------  S Y S T E M  ---------------

OS:
 Windows 11 , 64 bit Build 22621 (10.0.22621.2070)
OS uptime: 0 days 18:55 hours

CPU: total 8 (initial active 8) (4 cores per cpu, 2 threads per core) family 6 model 158 stepping 10 microcode 0xde, cx8, cmov, fxsr, ht, mmx, 3dnowpref, sse, sse2, sse3, ssse3, sse4.1, sse4.2, popcnt, lzcnt, tsc, tscinvbit, avx, avx2, aes, erms, clmul, bmi1, bmi2, adx, fma, vzeroupper, clflush, clflushopt, rdtscp

Memory: 4k page, system-wide physical 8034M (600M free)
TotalPageFile size 23153M (AvailPageFile size 1M)
current process WorkingSet (physical memory assigned to process): 158M, peak: 334M
current process commit charge ("private bytes"): 363M, peak: 374M

vm_info: OpenJDK 64-Bit Server VM (19.0.2+7-44) for windows-amd64 JRE (19.0.2+7-44), built on 2022-11-30T18:02:09Z by "mach5one" with MS VC++ 17.1 (VS2022)

END.
